# JRE version: Java(TM) SE Runtime Environment (8.0_101-b13) (build 1.8.0_101-b13)
# Java VM: Java HotSpot(TM) Client VM (25.101-b13 mixed mode windows-x86 )
Heap:
 def new generation   total 15040K, used 11330K [0x04600000, 0x05650000, 0x09b50000)
  eden space 13376K,  72% used [0x04600000, 0x04f70850, 0x05310000)
  from space 1664K, 100% used [0x054b0000, 0x05650000, 0x05650000)
  to   space 1664K,   0% used [0x05310000, 0x05310000, 0x054b0000)
 tenured generation   total 33288K, used 21941K [0x09b50000, 0x0bbd2000, 0x14600000)
   the space 33288K,  65% used [0x09b50000, 0x0b0bd4c8, 0x0b0bd600, 0x0bbd2000)
 Metaspace       used 31262K, capacity 31537K, committed 31616K, reserved 32128K
GC Heap History (10 events):
Event: 9.879 GC heap before
{Heap before GC invocations=88 (full 3):
 def new generation   total 12288K, used 11595K [0x04600000, 0x05350000, 0x09b50000)
  eden space 10944K, 100% used [0x04600000, 0x050b0000, 0x050b0000)
  from space 1344K,  48% used [0x05200000, 0x052a2f28, 0x05350000)
  to   space 1344K,   0% used [0x050b0000, 0x050b0000, 0x05200000)
 tenured generation   total 27168K, used 25631K [0x09b50000, 0x0b5d8000, 0x14600000)
   the space 27168K,  94% used [0x09b50000, 0x0b457d00, 0x0b457e00, 0x0b5d8000)
 Metaspace       used 27160K, capacity 27419K, committed 27520K, reserved 28032K
Event: 9.884 GC heap after
Heap after GC invocations=89 (full 3):
 def new generation   total 12288K, used 891K [0x04600000, 0x05350000, 0x09b50000)
  eden space 10944K,   0% used [0x04600000, 0x04600000, 0x050b0000)
  from space 1344K,  66% used [0x050b0000, 0x0518ed90, 0x05200000)
  to   space 1344K,   0% used [0x05200000, 0x05200000, 0x05350000)
 tenured generation   total 27168K, used 25631K [0x09b50000, 0x0b5d8000, 0x14600000)
   the space 27168K,  94% used [0x09b50000, 0x0b457d00, 0x0b457e00, 0x0b5d8000)
 Metaspace       used 27160K, capacity 27419K, committed 27520K, reserved 28032K
}
Event: 78.669 GC heap before
{Heap before GC invocations=89 (full 3):
 def new generation   total 12288K, used 8521K [0x04600000, 0x05350000, 0x09b50000)
  eden space 10944K,  69% used [0x04600000, 0x04d73a10, 0x050b0000)
  from space 1344K,  66% used [0x050b0000, 0x0518ed90, 0x05200000)
  to   space 1344K,   0% used [0x05200000, 0x05200000, 0x05350000)
 tenured generation   total 27168K, used 25631K [0x09b50000, 0x0b5d8000, 0x14600000)
   the space 27168K,  94% used [0x09b50000, 0x0b457d00, 0x0b457e00, 0x0b5d8000)
 Metaspace       used 27683K, capacity 27936K, committed 27948K, reserved 28032K
Event: 78.761 GC heap after
Heap after GC invocations=90 (full 4):
 def new generation   total 15040K, used 0K [0x04600000, 0x05650000, 0x09b50000)
  eden space 13376K,   0% used [0x04600000, 0x04600000, 0x05310000)
  from space 1664K,   0% used [0x05310000, 0x05310000, 0x054b0000)
  to   space 1664K,   0% used [0x054b0000, 0x054b0000, 0x05650000)
 tenured generation   total 33288K, used 19971K [0x09b50000, 0x0bbd2000, 0x14600000)
   the space 33288K,  59% used [0x09b50000, 0x0aed0d58, 0x0aed0e00, 0x0bbd2000)
 Metaspace       used 27679K, capacity 27931K, committed 27948K, reserved 28032K
}
Event: 86.345 GC heap before
{Heap before GC invocations=90 (full 4):
 def new generation   total 15040K, used 13376K [0x04600000, 0x05650000, 0x09b50000)
  eden space 13376K, 100% used [0x04600000, 0x05310000, 0x05310000)
  from space 1664K,   0% used [0x05310000, 0x05310000, 0x054b0000)
  to   space 1664K,   0% used [0x054b0000, 0x054b0000, 0x05650000)
 tenured generation   total 33288K, used 19971K [0x09b50000, 0x0bbd2000, 0x14600000)
   the space 33288K,  59% used [0x09b50000, 0x0aed0d58, 0x0aed0e00, 0x0bbd2000)
 Metaspace       used 28705K, capacity 28955K, committed 29056K, reserved 29056K
Event: 86.354 GC heap after
Heap after GC invocations=91 (full 4):
 def new generation   total 15040K, used 1664K [0x04600000, 0x05650000, 0x09b50000)
  eden space 13376K,   0% used [0x04600000, 0x04600000, 0x05310000)
  from space 1664K, 100% used [0x054b0000, 0x05650000, 0x05650000)
  to   space 1664K,   0% used [0x05310000, 0x05310000, 0x054b0000)
 tenured generation   total 33288K, used 19976K [0x09b50000, 0x0bbd2000, 0x14600000)
   the space 33288K,  60% used [0x09b50000, 0x0aed2270, 0x0aed2400, 0x0bbd2000)
 Metaspace       used 28705K, capacity 28955K, committed 29056K, reserved 29056K
}
Event: 87.245 GC heap before
{Heap before GC invocations=91 (full 4):
 def new generation   total 15040K, used 15040K [0x04600000, 0x05650000, 0x09b50000)
  eden space 13376K, 100% used [0x04600000, 0x05310000, 0x05310000)
  from space 1664K, 100% used [0x054b0000, 0x05650000, 0x05650000)
  to   space 1664K,   0% used [0x05310000, 0x05310000, 0x054b0000)
 tenured generation   total 33288K, used 19976K [0x09b50000, 0x0bbd2000, 0x14600000)
   the space 33288K,  60% used [0x09b50000, 0x0aed2270, 0x0aed2400, 0x0bbd2000)
 Metaspace       used 29725K, capacity 30011K, committed 30080K, reserved 30080K
Event: 87.251 GC heap after
Heap after GC invocations=92 (full 4):
 def new generation   total 15040K, used 1369K [0x04600000, 0x05650000, 0x09b50000)
  eden space 13376K,   0% used [0x04600000, 0x04600000, 0x05310000)
  from space 1664K,  82% used [0x05310000, 0x054667f8, 0x054b0000)
  to   space 1664K,   0% used [0x054b0000, 0x054b0000, 0x05650000)
 tenured generation   total 33288K, used 20525K [0x09b50000, 0x0bbd2000, 0x14600000)
   the space 33288K,  61% used [0x09b50000, 0x0af5b4b8, 0x0af5b600, 0x0bbd2000)
 Metaspace       used 29725K, capacity 30011K, committed 30080K, reserved 30080K
}
Event: 88.800 GC heap before
{Heap before GC invocations=92 (full 4):
 def new generation   total 15040K, used 14745K [0x04600000, 0x05650000, 0x09b50000)
  eden space 13376K, 100% used [0x04600000, 0x05310000, 0x05310000)
  from space 1664K,  82% used [0x05310000, 0x054667f8, 0x054b0000)
  to   space 1664K,   0% used [0x054b0000, 0x054b0000, 0x05650000)
 tenured generation   total 33288K, used 20525K [0x09b50000, 0x0bbd2000, 0x14600000)
   the space 33288K,  61% used [0x09b50000, 0x0af5b4b8, 0x0af5b600, 0x0bbd2000)
 Metaspace       used 30597K, capacity 30882K, committed 30976K, reserved 31104K
Event: 88.808 GC heap after
Heap after GC invocations=93 (full 4):
 def new generation   total 15040K, used 1664K [0x04600000, 0x05650000, 0x09b50000)
  eden space 13376K,   0% used [0x04600000, 0x04600000, 0x05310000)
  from space 1664K, 100% used [0x054b0000, 0x05650000, 0x05650000)
  to   space 1664K,   0% used [0x05310000, 0x05310000, 0x054b0000)
 tenured generation   total 33288K, used 21941K [0x09b50000, 0x0bbd2000, 0x14600000)
   the space 33288K,  65% used [0x09b50000, 0x0b0bd4c8, 0x0b0bd600, 0x0bbd2000)
 Metaspace       used 30597K, capacity 30882K, committed 30976K, reserved 31104K
}

